<?xml version="1.0" encoding="UTF-8"?>
<testsuite xmlns:xsi="http://www.w3.org/2001/XMLSchema-instance" xsi:noNamespaceSchemaLocation="https://maven.apache.org/surefire/maven-surefire-plugin/xsd/surefire-test-report.xsd" name="com.zxf.TestGenerator" time="0" tests="1" errors="0" skipped="0" failures="0">
  <properties>
    <property name="sun.desktop" value="windows"/>
    <property name="awt.toolkit" value="sun.awt.windows.WToolkit"/>
    <property name="file.encoding.pkg" value="sun.io"/>
    <property name="java.specification.version" value="1.8"/>
    <property name="sun.cpu.isalist" value="amd64"/>
    <property name="sun.jnu.encoding" value="GBK"/>
    <property name="java.class.path" value="H:\IDEA_work_2020\family_service_platform\target\test-classes;H:\IDEA_work_2020\family_service_platform\target\classes;H:\maven-local-aliyun2\org\springframework\boot\spring-boot-starter-web\2.3.4.RELEASE\spring-boot-starter-web-2.3.4.RELEASE.jar;H:\maven-local-aliyun2\org\springframework\boot\spring-boot-starter\2.3.4.RELEASE\spring-boot-starter-2.3.4.RELEASE.jar;H:\maven-local-aliyun2\org\springframework\boot\spring-boot-starter-logging\2.3.4.RELEASE\spring-boot-starter-logging-2.3.4.RELEASE.jar;H:\maven-local-aliyun2\ch\qos\logback\logback-classic\1.2.3\logback-classic-1.2.3.jar;H:\maven-local-aliyun2\ch\qos\logback\logback-core\1.2.3\logback-core-1.2.3.jar;H:\maven-local-aliyun2\org\apache\logging\log4j\log4j-to-slf4j\2.13.3\log4j-to-slf4j-2.13.3.jar;H:\maven-local-aliyun2\org\apache\logging\log4j\log4j-api\2.13.3\log4j-api-2.13.3.jar;H:\maven-local-aliyun2\org\slf4j\jul-to-slf4j\1.7.30\jul-to-slf4j-1.7.30.jar;H:\maven-local-aliyun2\jakarta\annotation\jakarta.annotation-api\1.3.5\jakarta.annotation-api-1.3.5.jar;H:\maven-local-aliyun2\org\yaml\snakeyaml\1.26\snakeyaml-1.26.jar;H:\maven-local-aliyun2\org\springframework\boot\spring-boot-starter-json\2.3.4.RELEASE\spring-boot-starter-json-2.3.4.RELEASE.jar;H:\maven-local-aliyun2\com\fasterxml\jackson\core\jackson-databind\2.11.2\jackson-databind-2.11.2.jar;H:\maven-local-aliyun2\com\fasterxml\jackson\core\jackson-annotations\2.11.2\jackson-annotations-2.11.2.jar;H:\maven-local-aliyun2\com\fasterxml\jackson\core\jackson-core\2.11.2\jackson-core-2.11.2.jar;H:\maven-local-aliyun2\com\fasterxml\jackson\datatype\jackson-datatype-jdk8\2.11.2\jackson-datatype-jdk8-2.11.2.jar;H:\maven-local-aliyun2\com\fasterxml\jackson\datatype\jackson-datatype-jsr310\2.11.2\jackson-datatype-jsr310-2.11.2.jar;H:\maven-local-aliyun2\com\fasterxml\jackson\module\jackson-module-parameter-names\2.11.2\jackson-module-parameter-names-2.11.2.jar;H:\maven-local-aliyun2\org\springframework\boot\spring-boot-starter-tomcat\2.3.4.RELEASE\spring-boot-starter-tomcat-2.3.4.RELEASE.jar;H:\maven-local-aliyun2\org\apache\tomcat\embed\tomcat-embed-core\9.0.38\tomcat-embed-core-9.0.38.jar;H:\maven-local-aliyun2\org\glassfish\jakarta.el\3.0.3\jakarta.el-3.0.3.jar;H:\maven-local-aliyun2\org\apache\tomcat\embed\tomcat-embed-websocket\9.0.38\tomcat-embed-websocket-9.0.38.jar;H:\maven-local-aliyun2\org\springframework\spring-web\5.2.9.RELEASE\spring-web-5.2.9.RELEASE.jar;H:\maven-local-aliyun2\org\springframework\spring-beans\5.2.9.RELEASE\spring-beans-5.2.9.RELEASE.jar;H:\maven-local-aliyun2\org\springframework\spring-webmvc\5.2.9.RELEASE\spring-webmvc-5.2.9.RELEASE.jar;H:\maven-local-aliyun2\org\springframework\spring-aop\5.2.9.RELEASE\spring-aop-5.2.9.RELEASE.jar;H:\maven-local-aliyun2\org\springframework\spring-context\5.2.9.RELEASE\spring-context-5.2.9.RELEASE.jar;H:\maven-local-aliyun2\org\springframework\spring-expression\5.2.9.RELEASE\spring-expression-5.2.9.RELEASE.jar;H:\maven-local-aliyun2\org\mybatis\spring\boot\mybatis-spring-boot-starter\2.1.3\mybatis-spring-boot-starter-2.1.3.jar;H:\maven-local-aliyun2\org\springframework\boot\spring-boot-starter-jdbc\2.3.4.RELEASE\spring-boot-starter-jdbc-2.3.4.RELEASE.jar;H:\maven-local-aliyun2\com\zaxxer\HikariCP\3.4.5\HikariCP-3.4.5.jar;H:\maven-local-aliyun2\org\springframework\spring-jdbc\5.2.9.RELEASE\spring-jdbc-5.2.9.RELEASE.jar;H:\maven-local-aliyun2\org\springframework\spring-tx\5.2.9.RELEASE\spring-tx-5.2.9.RELEASE.jar;H:\maven-local-aliyun2\org\mybatis\spring\boot\mybatis-spring-boot-autoconfigure\2.1.3\mybatis-spring-boot-autoconfigure-2.1.3.jar;H:\maven-local-aliyun2\org\mybatis\mybatis\3.5.5\mybatis-3.5.5.jar;H:\maven-local-aliyun2\org\mybatis\mybatis-spring\2.0.5\mybatis-spring-2.0.5.jar;H:\maven-local-aliyun2\org\springframework\boot\spring-boot-devtools\2.3.4.RELEASE\spring-boot-devtools-2.3.4.RELEASE.jar;H:\maven-local-aliyun2\org\springframework\boot\spring-boot\2.3.4.RELEASE\spring-boot-2.3.4.RELEASE.jar;H:\maven-local-aliyun2\org\springframework\boot\spring-boot-autoconfigure\2.3.4.RELEASE\spring-boot-autoconfigure-2.3.4.RELEASE.jar;H:\maven-local-aliyun2\mysql\mysql-connector-java\8.0.21\mysql-connector-java-8.0.21.jar;H:\maven-local-aliyun2\org\springframework\boot\spring-boot-starter-test\2.3.4.RELEASE\spring-boot-starter-test-2.3.4.RELEASE.jar;H:\maven-local-aliyun2\org\springframework\boot\spring-boot-test\2.3.4.RELEASE\spring-boot-test-2.3.4.RELEASE.jar;H:\maven-local-aliyun2\org\springframework\boot\spring-boot-test-autoconfigure\2.3.4.RELEASE\spring-boot-test-autoconfigure-2.3.4.RELEASE.jar;H:\maven-local-aliyun2\com\jayway\jsonpath\json-path\2.4.0\json-path-2.4.0.jar;H:\maven-local-aliyun2\net\minidev\json-smart\2.3\json-smart-2.3.jar;H:\maven-local-aliyun2\net\minidev\accessors-smart\1.2\accessors-smart-1.2.jar;H:\maven-local-aliyun2\org\ow2\asm\asm\5.0.4\asm-5.0.4.jar;H:\maven-local-aliyun2\jakarta\xml\bind\jakarta.xml.bind-api\2.3.3\jakarta.xml.bind-api-2.3.3.jar;H:\maven-local-aliyun2\jakarta\activation\jakarta.activation-api\1.2.2\jakarta.activation-api-1.2.2.jar;H:\maven-local-aliyun2\org\assertj\assertj-core\3.16.1\assertj-core-3.16.1.jar;H:\maven-local-aliyun2\org\hamcrest\hamcrest\2.2\hamcrest-2.2.jar;H:\maven-local-aliyun2\org\junit\jupiter\junit-jupiter\5.6.2\junit-jupiter-5.6.2.jar;H:\maven-local-aliyun2\org\junit\jupiter\junit-jupiter-api\5.6.2\junit-jupiter-api-5.6.2.jar;H:\maven-local-aliyun2\org\apiguardian\apiguardian-api\1.1.0\apiguardian-api-1.1.0.jar;H:\maven-local-aliyun2\org\opentest4j\opentest4j\1.2.0\opentest4j-1.2.0.jar;H:\maven-local-aliyun2\org\junit\platform\junit-platform-commons\1.6.2\junit-platform-commons-1.6.2.jar;H:\maven-local-aliyun2\org\junit\jupiter\junit-jupiter-params\5.6.2\junit-jupiter-params-5.6.2.jar;H:\maven-local-aliyun2\org\junit\jupiter\junit-jupiter-engine\5.6.2\junit-jupiter-engine-5.6.2.jar;H:\maven-local-aliyun2\org\junit\platform\junit-platform-engine\1.6.2\junit-platform-engine-1.6.2.jar;H:\maven-local-aliyun2\org\mockito\mockito-core\3.3.3\mockito-core-3.3.3.jar;H:\maven-local-aliyun2\net\bytebuddy\byte-buddy\1.10.14\byte-buddy-1.10.14.jar;H:\maven-local-aliyun2\net\bytebuddy\byte-buddy-agent\1.10.14\byte-buddy-agent-1.10.14.jar;H:\maven-local-aliyun2\org\objenesis\objenesis\2.6\objenesis-2.6.jar;H:\maven-local-aliyun2\org\mockito\mockito-junit-jupiter\3.3.3\mockito-junit-jupiter-3.3.3.jar;H:\maven-local-aliyun2\org\skyscreamer\jsonassert\1.5.0\jsonassert-1.5.0.jar;H:\maven-local-aliyun2\com\vaadin\external\google\android-json\0.0.20131108.vaadin1\android-json-0.0.20131108.vaadin1.jar;H:\maven-local-aliyun2\org\springframework\spring-core\5.2.9.RELEASE\spring-core-5.2.9.RELEASE.jar;H:\maven-local-aliyun2\org\springframework\spring-jcl\5.2.9.RELEASE\spring-jcl-5.2.9.RELEASE.jar;H:\maven-local-aliyun2\org\springframework\spring-test\5.2.9.RELEASE\spring-test-5.2.9.RELEASE.jar;H:\maven-local-aliyun2\org\xmlunit\xmlunit-core\2.7.0\xmlunit-core-2.7.0.jar;H:\maven-local-aliyun2\com\alibaba\fastjson\1.2.9\fastjson-1.2.9.jar;H:\maven-local-aliyun2\com\baomidou\mybatis-plus-generator\3.3.1\mybatis-plus-generator-3.3.1.jar;H:\maven-local-aliyun2\com\baomidou\mybatis-plus-extension\3.3.1\mybatis-plus-extension-3.3.1.jar;H:\maven-local-aliyun2\com\baomidou\mybatis-plus-core\3.3.1\mybatis-plus-core-3.3.1.jar;H:\maven-local-aliyun2\com\baomidou\mybatis-plus-annotation\3.3.1\mybatis-plus-annotation-3.3.1.jar;H:\maven-local-aliyun2\com\github\jsqlparser\jsqlparser\3.1\jsqlparser-3.1.jar;H:\maven-local-aliyun2\com\baomidou\mybatis-plus-boot-starter\3.3.1\mybatis-plus-boot-starter-3.3.1.jar;H:\maven-local-aliyun2\com\baomidou\mybatis-plus\3.3.1\mybatis-plus-3.3.1.jar;H:\maven-local-aliyun2\org\apache\velocity\velocity-engine-core\2.2\velocity-engine-core-2.2.jar;H:\maven-local-aliyun2\org\apache\commons\commons-lang3\3.10\commons-lang3-3.10.jar;H:\maven-local-aliyun2\org\slf4j\slf4j-api\1.7.30\slf4j-api-1.7.30.jar;"/>
    <property name="java.vm.vendor" value="Oracle Corporation"/>
    <property name="sun.arch.data.model" value="64"/>
    <property name="user.variant" value=""/>
    <property name="java.vendor.url" value="http://java.oracle.com/"/>
    <property name="user.timezone" value="Asia/Shanghai"/>
    <property name="java.vm.specification.version" value="1.8"/>
    <property name="os.name" value="Windows 10"/>
    <property name="user.country" value="CN"/>
    <property name="sun.java.launcher" value="SUN_STANDARD"/>
    <property name="sun.boot.library.path" value="C:\Java\jdk1.8.0_231\jre\bin"/>
    <property name="sun.java.command" value="C:\Users\ADMINI~1\AppData\Local\Temp\surefire9101238753826831167\surefirebooter291260214857141859.jar C:\Users\Administrator\AppData\Local\Temp\surefire9101238753826831167 2020-09-25T12-36-29_784-jvmRun1 surefire3052550498129923028tmp surefire_0320251616723340409tmp"/>
    <property name="surefire.test.class.path" value="H:\IDEA_work_2020\family_service_platform\target\test-classes;H:\IDEA_work_2020\family_service_platform\target\classes;H:\maven-local-aliyun2\org\springframework\boot\spring-boot-starter-web\2.3.4.RELEASE\spring-boot-starter-web-2.3.4.RELEASE.jar;H:\maven-local-aliyun2\org\springframework\boot\spring-boot-starter\2.3.4.RELEASE\spring-boot-starter-2.3.4.RELEASE.jar;H:\maven-local-aliyun2\org\springframework\boot\spring-boot-starter-logging\2.3.4.RELEASE\spring-boot-starter-logging-2.3.4.RELEASE.jar;H:\maven-local-aliyun2\ch\qos\logback\logback-classic\1.2.3\logback-classic-1.2.3.jar;H:\maven-local-aliyun2\ch\qos\logback\logback-core\1.2.3\logback-core-1.2.3.jar;H:\maven-local-aliyun2\org\apache\logging\log4j\log4j-to-slf4j\2.13.3\log4j-to-slf4j-2.13.3.jar;H:\maven-local-aliyun2\org\apache\logging\log4j\log4j-api\2.13.3\log4j-api-2.13.3.jar;H:\maven-local-aliyun2\org\slf4j\jul-to-slf4j\1.7.30\jul-to-slf4j-1.7.30.jar;H:\maven-local-aliyun2\jakarta\annotation\jakarta.annotation-api\1.3.5\jakarta.annotation-api-1.3.5.jar;H:\maven-local-aliyun2\org\yaml\snakeyaml\1.26\snakeyaml-1.26.jar;H:\maven-local-aliyun2\org\springframework\boot\spring-boot-starter-json\2.3.4.RELEASE\spring-boot-starter-json-2.3.4.RELEASE.jar;H:\maven-local-aliyun2\com\fasterxml\jackson\core\jackson-databind\2.11.2\jackson-databind-2.11.2.jar;H:\maven-local-aliyun2\com\fasterxml\jackson\core\jackson-annotations\2.11.2\jackson-annotations-2.11.2.jar;H:\maven-local-aliyun2\com\fasterxml\jackson\core\jackson-core\2.11.2\jackson-core-2.11.2.jar;H:\maven-local-aliyun2\com\fasterxml\jackson\datatype\jackson-datatype-jdk8\2.11.2\jackson-datatype-jdk8-2.11.2.jar;H:\maven-local-aliyun2\com\fasterxml\jackson\datatype\jackson-datatype-jsr310\2.11.2\jackson-datatype-jsr310-2.11.2.jar;H:\maven-local-aliyun2\com\fasterxml\jackson\module\jackson-module-parameter-names\2.11.2\jackson-module-parameter-names-2.11.2.jar;H:\maven-local-aliyun2\org\springframework\boot\spring-boot-starter-tomcat\2.3.4.RELEASE\spring-boot-starter-tomcat-2.3.4.RELEASE.jar;H:\maven-local-aliyun2\org\apache\tomcat\embed\tomcat-embed-core\9.0.38\tomcat-embed-core-9.0.38.jar;H:\maven-local-aliyun2\org\glassfish\jakarta.el\3.0.3\jakarta.el-3.0.3.jar;H:\maven-local-aliyun2\org\apache\tomcat\embed\tomcat-embed-websocket\9.0.38\tomcat-embed-websocket-9.0.38.jar;H:\maven-local-aliyun2\org\springframework\spring-web\5.2.9.RELEASE\spring-web-5.2.9.RELEASE.jar;H:\maven-local-aliyun2\org\springframework\spring-beans\5.2.9.RELEASE\spring-beans-5.2.9.RELEASE.jar;H:\maven-local-aliyun2\org\springframework\spring-webmvc\5.2.9.RELEASE\spring-webmvc-5.2.9.RELEASE.jar;H:\maven-local-aliyun2\org\springframework\spring-aop\5.2.9.RELEASE\spring-aop-5.2.9.RELEASE.jar;H:\maven-local-aliyun2\org\springframework\spring-context\5.2.9.RELEASE\spring-context-5.2.9.RELEASE.jar;H:\maven-local-aliyun2\org\springframework\spring-expression\5.2.9.RELEASE\spring-expression-5.2.9.RELEASE.jar;H:\maven-local-aliyun2\org\mybatis\spring\boot\mybatis-spring-boot-starter\2.1.3\mybatis-spring-boot-starter-2.1.3.jar;H:\maven-local-aliyun2\org\springframework\boot\spring-boot-starter-jdbc\2.3.4.RELEASE\spring-boot-starter-jdbc-2.3.4.RELEASE.jar;H:\maven-local-aliyun2\com\zaxxer\HikariCP\3.4.5\HikariCP-3.4.5.jar;H:\maven-local-aliyun2\org\springframework\spring-jdbc\5.2.9.RELEASE\spring-jdbc-5.2.9.RELEASE.jar;H:\maven-local-aliyun2\org\springframework\spring-tx\5.2.9.RELEASE\spring-tx-5.2.9.RELEASE.jar;H:\maven-local-aliyun2\org\mybatis\spring\boot\mybatis-spring-boot-autoconfigure\2.1.3\mybatis-spring-boot-autoconfigure-2.1.3.jar;H:\maven-local-aliyun2\org\mybatis\mybatis\3.5.5\mybatis-3.5.5.jar;H:\maven-local-aliyun2\org\mybatis\mybatis-spring\2.0.5\mybatis-spring-2.0.5.jar;H:\maven-local-aliyun2\org\springframework\boot\spring-boot-devtools\2.3.4.RELEASE\spring-boot-devtools-2.3.4.RELEASE.jar;H:\maven-local-aliyun2\org\springframework\boot\spring-boot\2.3.4.RELEASE\spring-boot-2.3.4.RELEASE.jar;H:\maven-local-aliyun2\org\springframework\boot\spring-boot-autoconfigure\2.3.4.RELEASE\spring-boot-autoconfigure-2.3.4.RELEASE.jar;H:\maven-local-aliyun2\mysql\mysql-connector-java\8.0.21\mysql-connector-java-8.0.21.jar;H:\maven-local-aliyun2\org\springframework\boot\spring-boot-starter-test\2.3.4.RELEASE\spring-boot-starter-test-2.3.4.RELEASE.jar;H:\maven-local-aliyun2\org\springframework\boot\spring-boot-test\2.3.4.RELEASE\spring-boot-test-2.3.4.RELEASE.jar;H:\maven-local-aliyun2\org\springframework\boot\spring-boot-test-autoconfigure\2.3.4.RELEASE\spring-boot-test-autoconfigure-2.3.4.RELEASE.jar;H:\maven-local-aliyun2\com\jayway\jsonpath\json-path\2.4.0\json-path-2.4.0.jar;H:\maven-local-aliyun2\net\minidev\json-smart\2.3\json-smart-2.3.jar;H:\maven-local-aliyun2\net\minidev\accessors-smart\1.2\accessors-smart-1.2.jar;H:\maven-local-aliyun2\org\ow2\asm\asm\5.0.4\asm-5.0.4.jar;H:\maven-local-aliyun2\jakarta\xml\bind\jakarta.xml.bind-api\2.3.3\jakarta.xml.bind-api-2.3.3.jar;H:\maven-local-aliyun2\jakarta\activation\jakarta.activation-api\1.2.2\jakarta.activation-api-1.2.2.jar;H:\maven-local-aliyun2\org\assertj\assertj-core\3.16.1\assertj-core-3.16.1.jar;H:\maven-local-aliyun2\org\hamcrest\hamcrest\2.2\hamcrest-2.2.jar;H:\maven-local-aliyun2\org\junit\jupiter\junit-jupiter\5.6.2\junit-jupiter-5.6.2.jar;H:\maven-local-aliyun2\org\junit\jupiter\junit-jupiter-api\5.6.2\junit-jupiter-api-5.6.2.jar;H:\maven-local-aliyun2\org\apiguardian\apiguardian-api\1.1.0\apiguardian-api-1.1.0.jar;H:\maven-local-aliyun2\org\opentest4j\opentest4j\1.2.0\opentest4j-1.2.0.jar;H:\maven-local-aliyun2\org\junit\platform\junit-platform-commons\1.6.2\junit-platform-commons-1.6.2.jar;H:\maven-local-aliyun2\org\junit\jupiter\junit-jupiter-params\5.6.2\junit-jupiter-params-5.6.2.jar;H:\maven-local-aliyun2\org\junit\jupiter\junit-jupiter-engine\5.6.2\junit-jupiter-engine-5.6.2.jar;H:\maven-local-aliyun2\org\junit\platform\junit-platform-engine\1.6.2\junit-platform-engine-1.6.2.jar;H:\maven-local-aliyun2\org\mockito\mockito-core\3.3.3\mockito-core-3.3.3.jar;H:\maven-local-aliyun2\net\bytebuddy\byte-buddy\1.10.14\byte-buddy-1.10.14.jar;H:\maven-local-aliyun2\net\bytebuddy\byte-buddy-agent\1.10.14\byte-buddy-agent-1.10.14.jar;H:\maven-local-aliyun2\org\objenesis\objenesis\2.6\objenesis-2.6.jar;H:\maven-local-aliyun2\org\mockito\mockito-junit-jupiter\3.3.3\mockito-junit-jupiter-3.3.3.jar;H:\maven-local-aliyun2\org\skyscreamer\jsonassert\1.5.0\jsonassert-1.5.0.jar;H:\maven-local-aliyun2\com\vaadin\external\google\android-json\0.0.20131108.vaadin1\android-json-0.0.20131108.vaadin1.jar;H:\maven-local-aliyun2\org\springframework\spring-core\5.2.9.RELEASE\spring-core-5.2.9.RELEASE.jar;H:\maven-local-aliyun2\org\springframework\spring-jcl\5.2.9.RELEASE\spring-jcl-5.2.9.RELEASE.jar;H:\maven-local-aliyun2\org\springframework\spring-test\5.2.9.RELEASE\spring-test-5.2.9.RELEASE.jar;H:\maven-local-aliyun2\org\xmlunit\xmlunit-core\2.7.0\xmlunit-core-2.7.0.jar;H:\maven-local-aliyun2\com\alibaba\fastjson\1.2.9\fastjson-1.2.9.jar;H:\maven-local-aliyun2\com\baomidou\mybatis-plus-generator\3.3.1\mybatis-plus-generator-3.3.1.jar;H:\maven-local-aliyun2\com\baomidou\mybatis-plus-extension\3.3.1\mybatis-plus-extension-3.3.1.jar;H:\maven-local-aliyun2\com\baomidou\mybatis-plus-core\3.3.1\mybatis-plus-core-3.3.1.jar;H:\maven-local-aliyun2\com\baomidou\mybatis-plus-annotation\3.3.1\mybatis-plus-annotation-3.3.1.jar;H:\maven-local-aliyun2\com\github\jsqlparser\jsqlparser\3.1\jsqlparser-3.1.jar;H:\maven-local-aliyun2\com\baomidou\mybatis-plus-boot-starter\3.3.1\mybatis-plus-boot-starter-3.3.1.jar;H:\maven-local-aliyun2\com\baomidou\mybatis-plus\3.3.1\mybatis-plus-3.3.1.jar;H:\maven-local-aliyun2\org\apache\velocity\velocity-engine-core\2.2\velocity-engine-core-2.2.jar;H:\maven-local-aliyun2\org\apache\commons\commons-lang3\3.10\commons-lang3-3.10.jar;H:\maven-local-aliyun2\org\slf4j\slf4j-api\1.7.30\slf4j-api-1.7.30.jar;"/>
    <property name="sun.cpu.endian" value="little"/>
    <property name="user.home" value="C:\Users\Administrator"/>
    <property name="user.language" value="zh"/>
    <property name="java.specification.vendor" value="Oracle Corporation"/>
    <property name="java.home" value="C:\Java\jdk1.8.0_231\jre"/>
    <property name="basedir" value="H:\IDEA_work_2020\family_service_platform"/>
    <property name="file.separator" value="\"/>
    <property name="line.separator" value="&#10;"/>
    <property name="idea.version2019.2.3" value="true"/>
    <property name="java.vm.specification.vendor" value="Oracle Corporation"/>
    <property name="java.specification.name" value="Java Platform API Specification"/>
    <property name="java.awt.graphicsenv" value="sun.awt.Win32GraphicsEnvironment"/>
    <property name="surefire.real.class.path" value="C:\Users\ADMINI~1\AppData\Local\Temp\surefire9101238753826831167\surefirebooter291260214857141859.jar"/>
    <property name="sun.boot.class.path" value="C:\Java\jdk1.8.0_231\jre\lib\resources.jar;C:\Java\jdk1.8.0_231\jre\lib\rt.jar;C:\Java\jdk1.8.0_231\jre\lib\sunrsasign.jar;C:\Java\jdk1.8.0_231\jre\lib\jsse.jar;C:\Java\jdk1.8.0_231\jre\lib\jce.jar;C:\Java\jdk1.8.0_231\jre\lib\charsets.jar;C:\Java\jdk1.8.0_231\jre\lib\jfr.jar;C:\Java\jdk1.8.0_231\jre\classes"/>
    <property name="user.script" value=""/>
    <property name="sun.management.compiler" value="HotSpot 64-Bit Tiered Compilers"/>
    <property name="java.runtime.version" value="1.8.0_231-b11"/>
    <property name="user.name" value="Administrator"/>
    <property name="path.separator" value=";"/>
    <property name="os.version" value="10.0"/>
    <property name="java.endorsed.dirs" value="C:\Java\jdk1.8.0_231\jre\lib\endorsed"/>
    <property name="java.runtime.name" value="Java(TM) SE Runtime Environment"/>
    <property name="file.encoding" value="GBK"/>
    <property name="java.vm.name" value="Java HotSpot(TM) 64-Bit Server VM"/>
    <property name="localRepository" value="H:\maven-local-aliyun2"/>
    <property name="java.vendor.url.bug" value="http://bugreport.sun.com/bugreport/"/>
    <property name="java.io.tmpdir" value="C:\Users\ADMINI~1\AppData\Local\Temp\"/>
    <property name="java.version" value="1.8.0_231"/>
    <property name="user.dir" value="H:\IDEA_work_2020\family_service_platform"/>
    <property name="os.arch" value="amd64"/>
    <property name="java.vm.specification.name" value="Java Virtual Machine Specification"/>
    <property name="java.awt.printerjob" value="sun.awt.windows.WPrinterJob"/>
    <property name="sun.os.patch.level" value=""/>
    <property name="java.library.path" value="C:\Java\jdk1.8.0_231\jre\bin;C:\WINDOWS\Sun\Java\bin;C:\WINDOWS\system32;C:\WINDOWS;E:\app\Administrator\product\11.2.0\dbhome_1\bin;C:\Program Files (x86)\Common Files\Oracle\Java\javapath;C:\Program Files (x86)\Intel\Intel(R) Management Engine Components\iCLS\;C:\Program Files\Intel\Intel(R) Management Engine Components\iCLS\;C:\WINDOWS\system32;C:\WINDOWS;C:\WINDOWS\System32\Wbem;C:\WINDOWS\System32\WindowsPowerShell\v1.0\;C:\Program Files (x86)\Intel\Intel(R) Management Engine Components\DAL;C:\Program Files\Intel\Intel(R) Management Engine Components\DAL;C:\Program Files (x86)\Intel\Intel(R) Management Engine Components\IPT;C:\Program Files\Intel\Intel(R) Management Engine Components\IPT;G:\Program Files (x86)\MySQL\MySQL Server 5.0\bin;G:\tomcat\apache-tomcat-9.0.26\bin;G:\tomcat\apache-tomcat-9.0.26\lib;C:\WINDOWS\System32\OpenSSH\;g:\Program Files\Git\cmd;G:\Program Files\TortoiseGit\bin;G:\Program Files\TortoiseSVN\bin;C:\Program Files\nodejs\;C:\Users\Administrator\AppData\Local\Microsoft\WindowsApps;C:\Java\jdk1.8.0_231\bin;H:\apache-maven-3.3.3\bin;;C:\Users\Administrator\AppData\Local\Programs\Microsoft VS Code\bin;C:\Users\Administrator\AppData\Roaming\npm;."/>
    <property name="java.vm.info" value="mixed mode"/>
    <property name="java.vendor" value="Oracle Corporation"/>
    <property name="java.vm.version" value="25.231-b11"/>
    <property name="java.ext.dirs" value="C:\Java\jdk1.8.0_231\jre\lib\ext;C:\WINDOWS\Sun\Java\lib\ext"/>
    <property name="sun.io.unicode.encoding" value="UnicodeLittle"/>
    <property name="maven.repo.local" value="H:\maven-local-aliyun2"/>
    <property name="java.class.version" value="52.0"/>
  </properties>
  <testcase name="test2" classname="com.zxf.TestGenerator" time="0"/>
</testsuite>